<?xml version="1.0" encoding="UTF-8"?>
<testsuite name="FindAndReplaceTest" tests="2" skipped="0" failures="0" errors="0" timestamp="2016-09-07T22:26:56" hostname="epicodus-108.local" time="0.002">
  <properties/>
  <testcase name="runFindAndReplace_replaceOneWord_dog" classname="FindAndReplaceTest" time="0.001"/>
  <testcase name="runFindAndReplace_replaceOneletter_c" classname="FindAndReplaceTest" time="0.0"/>
  <system-out><![CDATA[]]></system-out>
  <system-err><![CDATA[]]></system-err>
</testsuite>
